{"/Users/seifmegahed/dev/electrosafe/electrosafe-admin/src/utils/conversions.ts": {"path":"/Users/seifmegahed/dev/electrosafe/electrosafe-admin/src/utils/conversions.ts","all":false,"statementMap":{"0":{"start":{"line":1,"column":0},"end":{"line":1,"column":77}},"1":{"start":{"line":2,"column":0},"end":{"line":2,"column":0}},"2":{"start":{"line":3,"column":0},"end":{"line":3,"column":45}},"3":{"start":{"line":4,"column":0},"end":{"line":4,"column":41}},"4":{"start":{"line":5,"column":0},"end":{"line":5,"column":0}},"5":{"start":{"line":6,"column":0},"end":{"line":6,"column":50}},"6":{"start":{"line":7,"column":0},"end":{"line":7,"column":8}},"7":{"start":{"line":8,"column":0},"end":{"line":8,"column":27}},"8":{"start":{"line":9,"column":0},"end":{"line":9,"column":3}},"9":{"start":{"line":10,"column":0},"end":{"line":10,"column":0}},"10":{"start":{"line":11,"column":0},"end":{"line":11,"column":65}},"11":{"start":{"line":12,"column":0},"end":{"line":12,"column":33}},"12":{"start":{"line":13,"column":0},"end":{"line":13,"column":36}},"13":{"start":{"line":14,"column":0},"end":{"line":14,"column":25}},"14":{"start":{"line":15,"column":0},"end":{"line":15,"column":40}},"15":{"start":{"line":16,"column":0},"end":{"line":16,"column":31}},"16":{"start":{"line":17,"column":0},"end":{"line":17,"column":65}},"17":{"start":{"line":18,"column":0},"end":{"line":18,"column":54}},"18":{"start":{"line":19,"column":0},"end":{"line":19,"column":36}},"19":{"start":{"line":20,"column":0},"end":{"line":20,"column":5}},"20":{"start":{"line":21,"column":0},"end":{"line":21,"column":17}},"21":{"start":{"line":22,"column":0},"end":{"line":22,"column":2}},"22":{"start":{"line":23,"column":0},"end":{"line":23,"column":0}},"23":{"start":{"line":24,"column":0},"end":{"line":24,"column":78}},"24":{"start":{"line":25,"column":0},"end":{"line":25,"column":33}},"25":{"start":{"line":26,"column":0},"end":{"line":26,"column":48}},"26":{"start":{"line":27,"column":0},"end":{"line":27,"column":14}},"27":{"start":{"line":28,"column":0},"end":{"line":28,"column":17}},"28":{"start":{"line":29,"column":0},"end":{"line":29,"column":21}},"29":{"start":{"line":30,"column":0},"end":{"line":30,"column":33}},"30":{"start":{"line":31,"column":0},"end":{"line":31,"column":8}},"31":{"start":{"line":32,"column":0},"end":{"line":32,"column":38}},"32":{"start":{"line":33,"column":0},"end":{"line":33,"column":3}},"33":{"start":{"line":34,"column":0},"end":{"line":34,"column":15}},"34":{"start":{"line":35,"column":0},"end":{"line":35,"column":2}}},"s":{"0":1,"1":1,"2":1,"3":1,"4":1,"5":1,"6":1,"7":1,"8":1,"9":1,"10":1,"11":1,"12":1,"13":1,"14":4,"15":2,"16":2,"17":1,"18":2,"19":1,"20":1,"21":1,"22":1,"23":1,"24":3,"25":2,"26":2,"27":1,"28":1,"29":1,"30":1,"31":1,"32":1,"33":1,"34":3},"branchMap":{"0":{"type":"branch","line":4,"loc":{"start":{"line":4,"column":39},"end":{"line":4,"column":41}},"locations":[{"start":{"line":4,"column":39},"end":{"line":4,"column":41}}]},"1":{"type":"branch","line":4,"loc":{"start":{"line":4,"column":39},"end":{"line":4,"column":41}},"locations":[{"start":{"line":4,"column":39},"end":{"line":4,"column":41}}]},"2":{"type":"branch","line":6,"loc":{"start":{"line":6,"column":29},"end":{"line":9,"column":3}},"locations":[{"start":{"line":6,"column":29},"end":{"line":9,"column":3}}]},"3":{"type":"branch","line":9,"loc":{"start":{"line":9,"column":0},"end":{"line":9,"column":3}},"locations":[{"start":{"line":9,"column":0},"end":{"line":9,"column":3}}]},"4":{"type":"branch","line":11,"loc":{"start":{"line":11,"column":39},"end":{"line":22,"column":2}},"locations":[{"start":{"line":11,"column":39},"end":{"line":22,"column":2}}]},"5":{"type":"branch","line":14,"loc":{"start":{"line":14,"column":15},"end":{"line":20,"column":3}},"locations":[{"start":{"line":14,"column":15},"end":{"line":20,"column":3}}]},"6":{"type":"branch","line":15,"loc":{"start":{"line":15,"column":39},"end":{"line":19,"column":36}},"locations":[{"start":{"line":15,"column":39},"end":{"line":19,"column":36}}]},"7":{"type":"branch","line":17,"loc":{"start":{"line":17,"column":43},"end":{"line":18,"column":54}},"locations":[{"start":{"line":17,"column":43},"end":{"line":18,"column":54}}]},"8":{"type":"branch","line":22,"loc":{"start":{"line":22,"column":0},"end":{"line":22,"column":2}},"locations":[{"start":{"line":22,"column":0},"end":{"line":22,"column":2}}]},"9":{"type":"branch","line":24,"loc":{"start":{"line":24,"column":33},"end":{"line":35,"column":2}},"locations":[{"start":{"line":24,"column":33},"end":{"line":35,"column":2}}]},"10":{"type":"branch","line":25,"loc":{"start":{"line":25,"column":32},"end":{"line":33,"column":3}},"locations":[{"start":{"line":25,"column":32},"end":{"line":33,"column":3}}]},"11":{"type":"branch","line":27,"loc":{"start":{"line":27,"column":6},"end":{"line":33,"column":3}},"locations":[{"start":{"line":27,"column":6},"end":{"line":33,"column":3}}]},"12":{"type":"branch","line":33,"loc":{"start":{"line":33,"column":2},"end":{"line":35,"column":2}},"locations":[{"start":{"line":33,"column":2},"end":{"line":35,"column":2}}]},"13":{"type":"branch","line":35,"loc":{"start":{"line":35,"column":0},"end":{"line":35,"column":2}},"locations":[{"start":{"line":35,"column":0},"end":{"line":35,"column":2}}]}},"b":{"0":[5],"1":[1],"2":[1],"3":[1],"4":[1],"5":[4],"6":[2],"7":[1],"8":[1],"9":[3],"10":[2],"11":[1],"12":[1],"13":[3]},"fnMap":{"0":{"name":"labelToName","decl":{"start":{"line":4,"column":39},"end":{"line":4,"column":41}},"loc":{"start":{"line":4,"column":39},"end":{"line":4,"column":41}},"line":4},"1":{"name":"get","decl":{"start":{"line":4,"column":39},"end":{"line":4,"column":41}},"loc":{"start":{"line":4,"column":39},"end":{"line":4,"column":41}},"line":4},"2":{"name":"labelToOption","decl":{"start":{"line":6,"column":29},"end":{"line":9,"column":3}},"loc":{"start":{"line":6,"column":29},"end":{"line":9,"column":3}},"line":6},"3":{"name":"get","decl":{"start":{"line":9,"column":0},"end":{"line":9,"column":3}},"loc":{"start":{"line":9,"column":0},"end":{"line":9,"column":3}},"line":9},"4":{"name":"extractPureDataFromForm","decl":{"start":{"line":11,"column":39},"end":{"line":22,"column":2}},"loc":{"start":{"line":11,"column":39},"end":{"line":22,"column":2}},"line":11},"5":{"name":"get","decl":{"start":{"line":22,"column":0},"end":{"line":22,"column":2}},"loc":{"start":{"line":22,"column":0},"end":{"line":22,"column":2}},"line":22},"6":{"name":"mirrorNameToLabel","decl":{"start":{"line":24,"column":33},"end":{"line":35,"column":2}},"loc":{"start":{"line":24,"column":33},"end":{"line":35,"column":2}},"line":24},"7":{"name":"get","decl":{"start":{"line":35,"column":0},"end":{"line":35,"column":2}},"loc":{"start":{"line":35,"column":0},"end":{"line":35,"column":2}},"line":35}},"f":{"0":5,"1":1,"2":1,"3":1,"4":1,"5":1,"6":3,"7":3}}
}
